-------------------------------------------------------------------------------
Test set: mybootapp.test.MyTest
-------------------------------------------------------------------------------
Tests run: 5, Failures: 0, Errors: 5, Skipped: 0, Time elapsed: 20.387 s <<< FAILURE! - in mybootapp.test.MyTest
testSave  Time elapsed: 0.039 s  <<< ERROR!
java.lang.IllegalStateException: Failed to load ApplicationContext
Caused by: org.springframework.beans.factory.BeanCreationException: Error creating bean with name 'userAppRepository' defined in mybootapp.repo.user.UserAppRepository defined in @EnableJpaRepositories declared on Starter: Invocation of init method failed; nested exception is org.springframework.data.repository.query.QueryCreationException: Could not create query for public abstract java.util.List mybootapp.repo.user.UserAppRepository.findByEmailLike(java.lang.String)! Reason: Failed to create query for method public abstract java.util.List mybootapp.repo.user.UserAppRepository.findByEmailLike(java.lang.String)! No property email found for type UserApp! Did you mean 'mail'?; nested exception is java.lang.IllegalArgumentException: Failed to create query for method public abstract java.util.List mybootapp.repo.user.UserAppRepository.findByEmailLike(java.lang.String)! No property email found for type UserApp! Did you mean 'mail'?
Caused by: org.springframework.data.repository.query.QueryCreationException: Could not create query for public abstract java.util.List mybootapp.repo.user.UserAppRepository.findByEmailLike(java.lang.String)! Reason: Failed to create query for method public abstract java.util.List mybootapp.repo.user.UserAppRepository.findByEmailLike(java.lang.String)! No property email found for type UserApp! Did you mean 'mail'?; nested exception is java.lang.IllegalArgumentException: Failed to create query for method public abstract java.util.List mybootapp.repo.user.UserAppRepository.findByEmailLike(java.lang.String)! No property email found for type UserApp! Did you mean 'mail'?
Caused by: java.lang.IllegalArgumentException: Failed to create query for method public abstract java.util.List mybootapp.repo.user.UserAppRepository.findByEmailLike(java.lang.String)! No property email found for type UserApp! Did you mean 'mail'?
Caused by: org.springframework.data.mapping.PropertyReferenceException: No property email found for type UserApp! Did you mean 'mail'?

whenFindingAllWorks_thenCorrect  Time elapsed: 0 s  <<< ERROR!
java.lang.IllegalStateException: Failed to load ApplicationContext
Caused by: org.springframework.beans.factory.BeanCreationException: Error creating bean with name 'userAppRepository' defined in mybootapp.repo.user.UserAppRepository defined in @EnableJpaRepositories declared on Starter: Invocation of init method failed; nested exception is org.springframework.data.repository.query.QueryCreationException: Could not create query for public abstract java.util.List mybootapp.repo.user.UserAppRepository.findByEmailLike(java.lang.String)! Reason: Failed to create query for method public abstract java.util.List mybootapp.repo.user.UserAppRepository.findByEmailLike(java.lang.String)! No property email found for type UserApp! Did you mean 'mail'?; nested exception is java.lang.IllegalArgumentException: Failed to create query for method public abstract java.util.List mybootapp.repo.user.UserAppRepository.findByEmailLike(java.lang.String)! No property email found for type UserApp! Did you mean 'mail'?
Caused by: org.springframework.data.repository.query.QueryCreationException: Could not create query for public abstract java.util.List mybootapp.repo.user.UserAppRepository.findByEmailLike(java.lang.String)! Reason: Failed to create query for method public abstract java.util.List mybootapp.repo.user.UserAppRepository.findByEmailLike(java.lang.String)! No property email found for type UserApp! Did you mean 'mail'?; nested exception is java.lang.IllegalArgumentException: Failed to create query for method public abstract java.util.List mybootapp.repo.user.UserAppRepository.findByEmailLike(java.lang.String)! No property email found for type UserApp! Did you mean 'mail'?
Caused by: java.lang.IllegalArgumentException: Failed to create query for method public abstract java.util.List mybootapp.repo.user.UserAppRepository.findByEmailLike(java.lang.String)! No property email found for type UserApp! Did you mean 'mail'?
Caused by: org.springframework.data.mapping.PropertyReferenceException: No property email found for type UserApp! Did you mean 'mail'?

whenFindingWorkById_thenCorrect  Time elapsed: 0 s  <<< ERROR!
java.lang.IllegalStateException: Failed to load ApplicationContext
Caused by: org.springframework.beans.factory.BeanCreationException: Error creating bean with name 'userAppRepository' defined in mybootapp.repo.user.UserAppRepository defined in @EnableJpaRepositories declared on Starter: Invocation of init method failed; nested exception is org.springframework.data.repository.query.QueryCreationException: Could not create query for public abstract java.util.List mybootapp.repo.user.UserAppRepository.findByEmailLike(java.lang.String)! Reason: Failed to create query for method public abstract java.util.List mybootapp.repo.user.UserAppRepository.findByEmailLike(java.lang.String)! No property email found for type UserApp! Did you mean 'mail'?; nested exception is java.lang.IllegalArgumentException: Failed to create query for method public abstract java.util.List mybootapp.repo.user.UserAppRepository.findByEmailLike(java.lang.String)! No property email found for type UserApp! Did you mean 'mail'?
Caused by: org.springframework.data.repository.query.QueryCreationException: Could not create query for public abstract java.util.List mybootapp.repo.user.UserAppRepository.findByEmailLike(java.lang.String)! Reason: Failed to create query for method public abstract java.util.List mybootapp.repo.user.UserAppRepository.findByEmailLike(java.lang.String)! No property email found for type UserApp! Did you mean 'mail'?; nested exception is java.lang.IllegalArgumentException: Failed to create query for method public abstract java.util.List mybootapp.repo.user.UserAppRepository.findByEmailLike(java.lang.String)! No property email found for type UserApp! Did you mean 'mail'?
Caused by: java.lang.IllegalArgumentException: Failed to create query for method public abstract java.util.List mybootapp.repo.user.UserAppRepository.findByEmailLike(java.lang.String)! No property email found for type UserApp! Did you mean 'mail'?
Caused by: org.springframework.data.mapping.PropertyReferenceException: No property email found for type UserApp! Did you mean 'mail'?

trueTest  Time elapsed: 0 s  <<< ERROR!
java.lang.IllegalStateException: Failed to load ApplicationContext
Caused by: org.springframework.beans.factory.BeanCreationException: Error creating bean with name 'userAppRepository' defined in mybootapp.repo.user.UserAppRepository defined in @EnableJpaRepositories declared on Starter: Invocation of init method failed; nested exception is org.springframework.data.repository.query.QueryCreationException: Could not create query for public abstract java.util.List mybootapp.repo.user.UserAppRepository.findByEmailLike(java.lang.String)! Reason: Failed to create query for method public abstract java.util.List mybootapp.repo.user.UserAppRepository.findByEmailLike(java.lang.String)! No property email found for type UserApp! Did you mean 'mail'?; nested exception is java.lang.IllegalArgumentException: Failed to create query for method public abstract java.util.List mybootapp.repo.user.UserAppRepository.findByEmailLike(java.lang.String)! No property email found for type UserApp! Did you mean 'mail'?
Caused by: org.springframework.data.repository.query.QueryCreationException: Could not create query for public abstract java.util.List mybootapp.repo.user.UserAppRepository.findByEmailLike(java.lang.String)! Reason: Failed to create query for method public abstract java.util.List mybootapp.repo.user.UserAppRepository.findByEmailLike(java.lang.String)! No property email found for type UserApp! Did you mean 'mail'?; nested exception is java.lang.IllegalArgumentException: Failed to create query for method public abstract java.util.List mybootapp.repo.user.UserAppRepository.findByEmailLike(java.lang.String)! No property email found for type UserApp! Did you mean 'mail'?
Caused by: java.lang.IllegalArgumentException: Failed to create query for method public abstract java.util.List mybootapp.repo.user.UserAppRepository.findByEmailLike(java.lang.String)! No property email found for type UserApp! Did you mean 'mail'?
Caused by: org.springframework.data.mapping.PropertyReferenceException: No property email found for type UserApp! Did you mean 'mail'?

whenSavingWork_thenCorrect  Time elapsed: 0.001 s  <<< ERROR!
java.lang.IllegalStateException: Failed to load ApplicationContext
Caused by: org.springframework.beans.factory.BeanCreationException: Error creating bean with name 'userAppRepository' defined in mybootapp.repo.user.UserAppRepository defined in @EnableJpaRepositories declared on Starter: Invocation of init method failed; nested exception is org.springframework.data.repository.query.QueryCreationException: Could not create query for public abstract java.util.List mybootapp.repo.user.UserAppRepository.findByEmailLike(java.lang.String)! Reason: Failed to create query for method public abstract java.util.List mybootapp.repo.user.UserAppRepository.findByEmailLike(java.lang.String)! No property email found for type UserApp! Did you mean 'mail'?; nested exception is java.lang.IllegalArgumentException: Failed to create query for method public abstract java.util.List mybootapp.repo.user.UserAppRepository.findByEmailLike(java.lang.String)! No property email found for type UserApp! Did you mean 'mail'?
Caused by: org.springframework.data.repository.query.QueryCreationException: Could not create query for public abstract java.util.List mybootapp.repo.user.UserAppRepository.findByEmailLike(java.lang.String)! Reason: Failed to create query for method public abstract java.util.List mybootapp.repo.user.UserAppRepository.findByEmailLike(java.lang.String)! No property email found for type UserApp! Did you mean 'mail'?; nested exception is java.lang.IllegalArgumentException: Failed to create query for method public abstract java.util.List mybootapp.repo.user.UserAppRepository.findByEmailLike(java.lang.String)! No property email found for type UserApp! Did you mean 'mail'?
Caused by: java.lang.IllegalArgumentException: Failed to create query for method public abstract java.util.List mybootapp.repo.user.UserAppRepository.findByEmailLike(java.lang.String)! No property email found for type UserApp! Did you mean 'mail'?
Caused by: org.springframework.data.mapping.PropertyReferenceException: No property email found for type UserApp! Did you mean 'mail'?

