-------------------------------------------------------------------------------
Test set: mybootapp.test.MyTest
-------------------------------------------------------------------------------
Tests run: 5, Failures: 1, Errors: 0, Skipped: 0, Time elapsed: 3.768 s <<< FAILURE! - in mybootapp.test.MyTest
whenSavingWork_thenCorrect  Time elapsed: 0.01 s  <<< FAILURE!
org.opentest4j.AssertionFailedError: expected: <Mémoire sur Thalès> but was: <pythagore>
	at mybootapp.test.MyTest.whenSavingWork_thenCorrect(MyTest.java:67)

